<?xml version="1.0" encoding="UTF-8"?>
<!-- Generated by org.testng.reporters.JUnitXMLReporter -->
<testsuite ignored="7" hostname="DESKTOP-ARDEGM8" failures="0" tests="1" name="Default test" time="47.257" errors="0" timestamp="2023-10-09T16:09:18 IST">
  <testcase classname="com.test.ViewMembersTest" name="newdeleteMemberAccount" time="40.415"/>
  <testcase classname="com.test.ViewMembersTest" name="newdeleteMemberAccountalertWithNo" time="0.0">
    <ignored/>
  </testcase> <!-- newdeleteMemberAccountalertWithNo -->
  <testcase classname="com.test.ViewMembersTest" name="viewMemberEditGroup" time="0.0">
    <ignored/>
  </testcase> <!-- viewMemberEditGroup -->
  <testcase classname="com.test.ViewMembersTest" name="alertPopupCloseInnewRestPasswords" time="0.0">
    <ignored/>
  </testcase> <!-- alertPopupCloseInnewRestPasswords -->
  <testcase classname="com.test.ViewMembersTest" name="viewMemberUpdateGroupAccess" time="0.0">
    <ignored/>
  </testcase> <!-- viewMemberUpdateGroupAccess -->
  <testcase classname="com.test.ViewMembersTest" name="newRestPasswords" time="0.0">
    <ignored/>
  </testcase> <!-- newRestPasswords -->
  <testcase classname="com.test.ViewMembersTest" name="alertPopupNoInnewRestPasswords" time="0.0">
    <ignored/>
  </testcase> <!-- alertPopupNoInnewRestPasswords -->
  <testcase classname="com.test.ViewMembersTest" name="newdeleteMemberAccountalertWithCloseBtn" time="0.0">
    <ignored/>
  </testcase> <!-- newdeleteMemberAccountalertWithCloseBtn -->
</testsuite> <!-- Default test -->
